COMP-3717-Android/COMP3717_Daniel/Lab/Week4/TipCalculator/app/build/intermediates/manifest_merge_blame_file/debug/manifest-merger-blame-debug-report.txt
1<?xml version="1.0" encoding="utf-8"?>
2<manifest xmlns:android="http://schemas.android.com/apk/res/android"
3    package="ca.bcit.tipcalculator"
4    android:versionCode="1"
5    android:versionName="1.0" >
6
7    <uses-sdk
8        android:minSdkVersion="23"
8-->src/main/AndroidManifest.xml
9        android:targetSdkVersion="28" />
9-->src/main/AndroidManifest.xml
10
11    <application
11-->src/main/AndroidManifest.xml:5:5-24:19
12        android:allowBackup="true"
12-->src/main/AndroidManifest.xml:6:9-35
13        android:appComponentFactory="android.support.v4.app.CoreComponentFactory"
13-->[com.android.support:support-compat:28.0.0] AndroidManifest.xml:22:18-91
14        android:debuggable="true"
15        android:icon="@mipmap/ic_launcher"
15-->src/main/AndroidManifest.xml:7:9-43
16        android:label="@string/app_name"
16-->src/main/AndroidManifest.xml:8:9-41
17        android:roundIcon="@mipmap/ic_launcher_round"
17-->src/main/AndroidManifest.xml:9:9-54
18        android:supportsRtl="true"
18-->src/main/AndroidManifest.xml:10:9-35
19        android:theme="@style/AppTheme" >
19-->src/main/AndroidManifest.xml:11:9-40
20        <activity android:name="ca.bcit.tipcalculator.GridActivity" />
20-->src/main/AndroidManifest.xml:12:9-50
20-->src/main/AndroidManifest.xml:12:19-47
21        <activity android:name="ca.bcit.tipcalculator.RelativeActivity" />
21-->src/main/AndroidManifest.xml:13:9-54
21-->src/main/AndroidManifest.xml:13:19-51
22        <activity android:name="ca.bcit.tipcalculator.LinearActivity" />
22-->src/main/AndroidManifest.xml:14:9-52
22-->src/main/AndroidManifest.xml:14:19-49
23        <activity android:name="ca.bcit.tipcalculator.ConstraintActivity" />
23-->src/main/AndroidManifest.xml:15:9-56
23-->src/main/AndroidManifest.xml:15:19-53
24        <activity android:name="ca.bcit.tipcalculator.TableActivity" />
24-->src/main/AndroidManifest.xml:16:9-51
24-->src/main/AndroidManifest.xml:16:19-48
25        <activity android:name="ca.bcit.tipcalculator.MainActivity" >
25-->src/main/AndroidManifest.xml:17:9-23:20
25-->src/main/AndroidManifest.xml:17:19-47
26            <intent-filter>
26-->src/main/AndroidManifest.xml:18:13-22:29
27                <action android:name="android.intent.action.MAIN" />
27-->src/main/AndroidManifest.xml:19:17-69
27-->src/main/AndroidManifest.xml:19:25-66
28
29                <category android:name="android.intent.category.LAUNCHER" />
29-->src/main/AndroidManifest.xml:21:17-77
29-->src/main/AndroidManifest.xml:21:27-74
30            </intent-filter>
31        </activity>
32    </application>
33
34</manifest>